make all --print-data-base --no-builtin-variables --no-builtin-rules --question
# GNU Make 3.81
# Copyright (C) 2006  Free Software Foundation, Inc.
# This is free software; see the source for copying conditions.
# There is NO warranty; not even for MERCHANTABILITY or FITNESS FOR A
# PARTICULAR PURPOSE.

# This program built for i386-apple-darwin11.3.0
 

# Make data base, printed on Tue Jul 19 20:02:53 2022

# Variables

# automatic
<D = $(patsubst %/,%,$(dir $<))
# automatic
?F = $(notdir $?)
# automatic
?D = $(patsubst %/,%,$(dir $?))
# automatic
@D = $(patsubst %/,%,$(dir $@))
# automatic
@F = $(notdir $@)
# makefile (from `Makefile', line 5)
G = "\033[32m"
# makefile
CURDIR := /Users/agunes/Desktop/Ecole-42/philosophers
# makefile
SHELL = /bin/sh
# makefile (from `Makefile', line 4)
R = "\033[31m"
# environment
VSCODE_NLS_CONFIG = {"locale":"tr","availableLanguages":{"*":"tr"},"_languagePackId":"4f2ceba694e4d29d50aafad35d291270.tr","_translationsConfigFile":"/Users/agunes/Library/Application Support/Code/clp/4f2ceba694e4d29d50aafad35d291270.tr/tcf.json","_cacheRoot":"/Users/agunes/Library/Application Support/Code/clp/4f2ceba694e4d29d50aafad35d291270.tr","_resolvedLanguagePackCoreLocation":"/Users/agunes/Library/Application Support/Code/clp/4f2ceba694e4d29d50aafad35d291270.tr/3b889b090b5ad5793f524b5d1d39fda662b96a2a","_corruptedFile":"/Users/agunes/Library/Application Support/Code/clp/4f2ceba694e4d29d50aafad35d291270.tr/corrupted.info","_languagePackSupport":true}
# environment
_ = /usr/bin/make
# makefile (from `Makefile', line 3)
CFLAGS = -Wall -Wextra -Werror
# makefile (from `Makefile', line 1)
MAKEFILE_LIST :=  Makefile
# makefile (from `Makefile', line 16)
OBJS = $(SRCS:.c=.o)
# environment
VSCODE_CWD = /
# environment
PATH = /usr/local/bin:/usr/bin:/bin:/usr/sbin:/sbin:/usr/local/munki:/Library/Apple/usr/bin:/Users/agunes/goinfre/homebrew/bin:/Users/agunes/goinfre/homebrew/bin:/Users/agunes/goinfre/homebrew/bin:/Users/agunes/goinfre/homebrew/bin:/Users/agunes/goinfre/homebrew/bin
# environment
ELECTRON_RUN_AS_NODE = 1
# default
.FEATURES := target-specific order-only second-expansion else-if archives jobserver check-symlink
# environment
SSH_AUTH_SOCK = /private/tmp/com.apple.launchd.GewYCF07kN/Listeners
# automatic
%F = $(notdir $%)
# environment
PWD = /Users/agunes/Desktop/Ecole-42/philosophers
# environment
ORIGINAL_XDG_CURRENT_DESKTOP = undefined
# environment
VSCODE_AMD_ENTRYPOINT = vs/workbench/api/node/extensionHostProcess
# environment
HOME = /Users/agunes
# default
MAKEFILEPATH := /Applications/Xcode.app/Contents/Developer/Makefiles
# environment
VSCODE_CODE_CACHE_PATH = /Users/agunes/Library/Application Support/Code/CachedData/3b889b090b5ad5793f524b5d1d39fda662b96a2a
# environment
LOGNAME = agunes
# environment
APPLICATION_INSIGHTS_NO_DIAGNOSTIC_CHANNEL = true
# environment
VSCODE_HANDLES_UNCAUGHT_ERRORS = true
# automatic
^D = $(patsubst %/,%,$(dir $^))
# environment
XPC_FLAGS = 0x0
# default
MAKE = $(MAKE_COMMAND)
# default
MAKECMDGOALS := all
# makefile (from `Makefile', line 6)
SRCS = fork.c ft_atoi.c main.c mutexandfork.c setup.c start.c die.c ft_exit.c utils.c
# environment
SHLVL = 1
# makefile (from `Makefile', line 2)
CC = gcc
# default
MAKE_VERSION := 3.81
# environment
USER = agunes
# makefile
.DEFAULT_GOAL := all
# makefile (from `Makefile', line 1)
NAME = philo
# automatic
%D = $(patsubst %/,%,$(dir $%))
# default
MAKE_COMMAND := /Applications/Xcode.app/Contents/Developer/usr/bin/make
# default
.VARIABLES := 
# environment
TMPDIR = /var/folders/zz/zyxvpxvq6csfxvn_n000cc2000330h/T/
# automatic
*F = $(notdir $*)
# environment
VSCODE_IPC_HOOK = /Users/agunes/Library/Application Support/Code/1.69.2-main.sock
# environment
MallocNanoZone = 0
# makefile
MAKEFLAGS = Rrqp
# environment
MFLAGS = -Rrqp
# automatic
*D = $(patsubst %/,%,$(dir $*))
# environment
XPC_SERVICE_NAME = com.microsoft.VSCode.2352
# automatic
+D = $(patsubst %/,%,$(dir $+))
# automatic
+F = $(notdir $+)
# environment
__CF_USER_TEXT_ENCODING = 0x18C10:0x0:0x0
# default
MAKEFILES := 
# automatic
<F = $(notdir $<)
# environment
LC_ALL = C
# automatic
^F = $(notdir $^)
# default
SUFFIXES := 
# default
.INCLUDE_DIRS = /usr/local/include
# environment
MAKELEVEL := 0
# environment
LANG = C
# environment
VSCODE_PID = 42529
# variable set hash-table stats:
# Load=63/1024=6%, Rehash=0, Collisions=3/95=3%

# Pattern-specific Variable Values

# No pattern-specific variable values.

# Directories

# . (device 16777225, inode 2637182): 16 files, no impossibilities.

# 16 files, no impossibilities in 1 directories.

# Implicit Rules

%.o: %.c
#  commands to execute (from `Makefile', line 26):
	@echo $(G)Compiling: [$<]
	@${CC} -c $^ -o $@ -Wall -Werror -Wextra
	

# 1 implicit rules, 0 (0.0%) terminal.

# Files

# Not a target:
setup.o:
#  Implicit rule search has not been done.
#  Modification time never checked.
#  File has not been updated.

all: philo
#  Phony target (prerequisite of .PHONY).
#  Command-line target.
#  Implicit rule search has not been done.
#  File does not exist.
#  File has been updated.
#  Needs to be updated (-q is set).
# variable set hash-table stats:
# Load=0/32=0%, Rehash=0, Collisions=0/4=0%

philo: fork.o ft_atoi.o main.o mutexandfork.o setup.o start.o die.o ft_exit.o utils.o
#  Implicit rule search has not been done.
#  File does not exist.
#  File has been updated.
#  Needs to be updated (-q is set).
# variable set hash-table stats:
# Load=0/32=0%, Rehash=0, Collisions=0/4=0%
#  commands to execute (from `Makefile', line 21):
	@$(CC) ${CFLAGS} $(OBJS) -o $(NAME)
	@echo $(R)[COMPILING DONE]
	

.PHONY: fclean re all clean
#  Implicit rule search has not been done.
#  Modification time never checked.
#  File has not been updated.

# Not a target:
.SUFFIXES:
#  Implicit rule search has not been done.
#  Modification time never checked.
#  File has not been updated.

# Not a target:
Makefile:
#  Implicit rule search has been done.
#  Last modified 2022-07-19 17:45:19
#  File has been updated.
#  Successfully updated.
# variable set hash-table stats:
# Load=0/32=0%, Rehash=0, Collisions=0/0=0%

# Not a target:
start.o:
#  Implicit rule search has not been done.
#  Modification time never checked.
#  File has not been updated.

# Not a target:
die.o:
#  Implicit rule search has not been done.
#  Modification time never checked.
#  File has not been updated.

fclean: clean
#  Phony target (prerequisite of .PHONY).
#  Implicit rule search has not been done.
#  File does not exist.
#  File has not been updated.
#  commands to execute (from `Makefile', line 33):
	@rm -rf ${NAME}
	

norm:
#  Implicit rule search has not been done.
#  Modification time never checked.
#  File has not been updated.
#  commands to execute (from `Makefile', line 38):
	norminette *.c
	

fork.o: fork.c
#  Implicit rule search has been done.
#  Implicit/static pattern stem: `fork'
#  File does not exist.
#  File has been updated.
#  Needs to be updated (-q is set).
# automatic
# @ := fork.o
# automatic
# % := 
# automatic
# * := fork
# automatic
# + := fork.c
# automatic
# | := 
# automatic
# < := fork.c
# automatic
# ^ := fork.c
# automatic
# ? := fork.c
# variable set hash-table stats:
# Load=8/32=25%, Rehash=0, Collisions=1/15=7%
#  commands to execute (from `Makefile', line 26):
	@echo $(G)Compiling: [$<]
	@${CC} -c $^ -o $@ -Wall -Werror -Wextra
	

# Not a target:
ft_exit.o:
#  Implicit rule search has not been done.
#  Modification time never checked.
#  File has not been updated.

# Not a target:
.DEFAULT:
#  Implicit rule search has not been done.
#  Modification time never checked.
#  File has not been updated.

re: fclean all
#  Phony target (prerequisite of .PHONY).
#  Implicit rule search has not been done.
#  File does not exist.
#  File has not been updated.

clean:
#  Phony target (prerequisite of .PHONY).
#  Implicit rule search has not been done.
#  File does not exist.
#  File has not been updated.
#  commands to execute (from `Makefile', line 30):
	@rm -rf ${OBJS}
	

# Not a target:
utils.o:
#  Implicit rule search has not been done.
#  Modification time never checked.
#  File has not been updated.

# Not a target:
main.o:
#  Implicit rule search has not been done.
#  Modification time never checked.
#  File has not been updated.

# Not a target:
mutexandfork.o:
#  Implicit rule search has not been done.
#  Modification time never checked.
#  File has not been updated.

# Not a target:
fork.c:
#  Implicit rule search has been done.
#  Last modified 2022-07-19 17:45:19
 
#  File has been updated.
#  Successfully updated.
# variable set hash-table stats:
# Load=0/32=0%, Rehash=0, Collisions=0/0=0%

# Not a target:
ft_atoi.o:
#  Implicit rule search has not been done.
#  Modification time never checked.
#  File has not been updated.

# files hash-table stats:
# Load=20/1024=2%, Rehash=0, Collisions=1/53=2%
# VPATH Search Paths

# No `vpath' search paths.

# No general (`VPATH' variable) search path.

# # of strings in strcache: 1
# # of strcache buffers: 1
# strcache size: total = 4096 / max = 4096 / min = 4096 / avg = 4096
# strcache free: total = 4087 / max = 4087 / min = 4087 / avg = 4087

# Finished Make data base on Tue Jul 19 20:02:53 2022

 
